<?xml version="1.0" encoding="UTF-8"?>
<!-- Generated by org.testng.reporters.JUnitXMLReporter -->
<testsuite hostname="QT-INBG-LT0774" failures="0" tests="3" name="Test" time="101.81" errors="0" timestamp="9 Jun 2021 08:27:05 GMT">
  <testcase classname="Academy.Validation1" name="basepageNavigation" time="0.184"/>
  <testcase classname="Academy.Homepage" name="basepageNavigation" time="54.643"/>
  <testcase classname="Academy.Homepage" name="basepageNavigation" time="3.009"/>
</testsuite> <!-- Test -->
