-------------------------------------------------------------------------------
Test set: TestSuite
-------------------------------------------------------------------------------
Tests run: 3, Failures: 1, Errors: 0, Skipped: 0, Time elapsed: 55.365 s <<< FAILURE! - in TestSuite
Academy.Validation1.basepageNavigation  Time elapsed: 0.193 s  <<< FAILURE!
java.lang.AssertionError: expected [false] but found [true]
	at Academy.Validation1.basepageNavigation(Validation1.java:27)

