<?xml version="1.0" encoding="UTF-8"?>
<testng-results total="2" passed="2" failed="0" skipped="0">
  <reporter-output>
  </reporter-output>
  <suite started-at="2021-06-09T12:48:33Z" name="Default suite" finished-at="2021-06-09T12:49:53Z" duration-ms="80252">
    <groups>
    </groups>
    <test started-at="2021-06-09T12:48:33Z" name="Default test" finished-at="2021-06-09T12:49:53Z" duration-ms="80252">
      <class name="Academy.Homepage">
        <test-method is-config="true" signature="startBrowser()[pri:0, instance:Academy.Homepage@1f81aa00]" started-at="2021-06-09T18:18:33Z" name="startBrowser" finished-at="2021-06-09T18:18:34Z" duration-ms="1903" status="PASS">
          <reporter-output>
          </reporter-output>
        </test-method> <!-- startBrowser -->
        <test-method signature="basepageNavigation(java.lang.String, java.lang.String)[pri:0, instance:Academy.Homepage@1f81aa00]" started-at="2021-06-09T18:18:34Z" name="basepageNavigation" data-provider="getData" finished-at="2021-06-09T18:19:46Z" duration-ms="71449" status="PASS">
          <params>
            <param index="0">
              <value>
                <![CDATA[abc@gmail.com]]>
              </value>
            </param>
            <param index="1">
              <value>
                <![CDATA[123456789]]>
              </value>
            </param>
          </params>
          <reporter-output>
          </reporter-output>
        </test-method> <!-- basepageNavigation -->
        <test-method signature="basepageNavigation(java.lang.String, java.lang.String)[pri:0, instance:Academy.Homepage@1f81aa00]" started-at="2021-06-09T18:19:46Z" name="basepageNavigation" data-provider="getData" finished-at="2021-06-09T18:19:53Z" duration-ms="6807" status="PASS">
          <params>
            <param index="0">
              <value>
                <![CDATA[abc@gmail.com]]>
              </value>
            </param>
            <param index="1">
              <value>
                <![CDATA[123456789]]>
              </value>
            </param>
          </params>
          <reporter-output>
          </reporter-output>
        </test-method> <!-- basepageNavigation -->
        <test-method is-config="true" signature="tearDown()[pri:0, instance:Academy.Homepage@1f81aa00]" started-at="2021-06-09T18:19:53Z" name="tearDown" finished-at="2021-06-09T18:19:53Z" duration-ms="79" status="PASS">
          <reporter-output>
          </reporter-output>
        </test-method> <!-- tearDown -->
      </class> <!-- Academy.Homepage -->
    </test> <!-- Default test -->
  </suite> <!-- Default suite -->
</testng-results>
